{
"/Users/zoubin/usr/src/zoubin/resolve-and-call/lib/main.es6":{"path":"/Users/zoubin/usr/src/zoubin/resolve-and-call/lib/main.es6","s":{"1":1,"2":1,"3":3,"4":1,"5":1,"6":1,"7":1,"8":1,"9":1,"10":1,"11":4,"12":11,"13":4,"14":1,"15":4,"16":4,"17":2,"18":4,"19":4,"20":4,"21":3,"22":4,"23":1},"b":{"1":[0,3],"2":[3,3],"3":[1,3],"4":[2,2],"5":[4,2],"6":[3,1],"7":[3,3],"8":[3,1]},"f":{"1":3,"2":4},"fnMap":{"1":{"name":"_interopRequireDefault","line":7,"loc":{"start":{"line":0,"column":0},"end":{"line":0,"column":0}},"skip":true},"2":{"name":"(anonymous_2)","line":21,"loc":{"start":{"line":5,"column":15},"end":{"line":5,"column":34}}}},"statementMap":{"1":{"start":{"line":0,"column":0},"end":{"line":0,"column":0},"skip":true},"2":{"start":{"line":0,"column":0},"end":{"line":0,"column":0},"skip":true},"3":{"start":{"line":0,"column":0},"end":{"line":0,"column":0},"skip":true},"4":{"start":{"line":0,"column":0},"end":{"line":0,"column":0},"skip":true},"5":{"start":{"line":0,"column":0},"end":{"line":0,"column":0},"skip":true},"6":{"start":{"line":0,"column":0},"end":{"line":0,"column":0},"skip":true},"7":{"start":{"line":0,"column":0},"end":{"line":0,"column":0},"skip":true},"8":{"start":{"line":0,"column":0},"end":{"line":0,"column":0},"skip":true},"9":{"start":{"line":0,"column":0},"end":{"line":0,"column":0},"skip":true},"10":{"start":{"line":0,"column":0},"end":{"line":0,"column":0},"skip":true},"11":{"start":{"line":0,"column":0},"end":{"line":0,"column":0},"skip":true},"12":{"start":{"line":5,"column":28},"end":{"line":5,"column":32}},"13":{"start":{"line":6,"column":2},"end":{"line":8,"column":3}},"14":{"start":{"line":7,"column":4},"end":{"line":7,"column":19}},"15":{"start":{"line":9,"column":2},"end":{"line":9,"column":11}},"16":{"start":{"line":10,"column":2},"end":{"line":12,"column":3}},"17":{"start":{"line":11,"column":4},"end":{"line":11,"column":24}},"18":{"start":{"line":13,"column":2},"end":{"line":13,"column":20}},"19":{"start":{"line":14,"column":2},"end":{"line":14,"column":24}},"20":{"start":{"line":15,"column":2},"end":{"line":19,"column":3}},"21":{"start":{"line":16,"column":4},"end":{"line":18,"column":8}},"22":{"start":{"line":20,"column":2},"end":{"line":20,"column":30}},"23":{"start":{"line":0,"column":0},"end":{"line":0,"column":0},"skip":true}},"branchMap":{"1":{"line":7,"type":"cond-expr","locations":[{"start":{"line":0,"column":0},"end":{"line":0,"column":0},"skip":true},{"start":{"line":0,"column":0},"end":{"line":0,"column":0},"skip":true}]},"2":{"line":7,"type":"binary-expr","locations":[{"start":{"line":0,"column":0},"end":{"line":0,"column":0},"skip":true},{"start":{"line":0,"column":0},"end":{"line":0,"column":0},"skip":true}]},"3":{"line":26,"type":"if","locations":[{"start":{"line":6,"column":2},"end":{"line":6,"column":2}},{"start":{"line":6,"column":2},"end":{"line":6,"column":2}}]},"4":{"line":30,"type":"if","locations":[{"start":{"line":10,"column":2},"end":{"line":10,"column":2}},{"start":{"line":10,"column":2},"end":{"line":10,"column":2}}]},"5":{"line":33,"type":"binary-expr","locations":[{"start":{"line":13,"column":9},"end":{"line":13,"column":13}},{"start":{"line":13,"column":17},"end":{"line":13,"column":19}}]},"6":{"line":35,"type":"if","locations":[{"start":{"line":15,"column":2},"end":{"line":15,"column":2}},{"start":{"line":15,"column":2},"end":{"line":15,"column":2}}]},"7":{"line":36,"type":"binary-expr","locations":[{"start":{"line":16,"column":18},"end":{"line":16,"column":30}},{"start":{"line":16,"column":34},"end":{"line":16,"column":47}}]},"8":{"line":37,"type":"binary-expr","locations":[{"start":{"line":17,"column":15},"end":{"line":17,"column":27}},{"start":{"line":17,"column":31},"end":{"line":17,"column":53}}]}},"l":{"0":4,"5":11,"6":4,"7":1,"9":4,"10":4,"11":2,"13":4,"14":4,"15":4,"16":3,"20":4}}}
