TN:
SF:/Users/zoubin/usr/src/zoubin/resolve-and-call/lib/main.es6
FN:7,_interopRequireDefault
FN:21,(anonymous_2)
FNF:2
FNH:2
FNDA:3,_interopRequireDefault
FNDA:4,(anonymous_2)
DA:0,4
DA:5,11
DA:6,4
DA:7,1
DA:9,4
DA:10,4
DA:11,2
DA:13,4
DA:14,4
DA:15,4
DA:16,3
DA:20,4
LF:12
LH:12
BRDA:7,1,0,0
BRDA:7,1,1,3
BRDA:7,2,0,3
BRDA:7,2,1,3
BRDA:26,3,0,1
BRDA:26,3,1,3
BRDA:30,4,0,2
BRDA:30,4,1,2
BRDA:33,5,0,4
BRDA:33,5,1,2
BRDA:35,6,0,3
BRDA:35,6,1,1
BRDA:36,7,0,3
BRDA:36,7,1,3
BRDA:37,8,0,3
BRDA:37,8,1,1
BRF:16
BRH:16
end_of_record
